\BOOKMARK [0][-]{section*.1}{Personal Information}{}% 1
\BOOKMARK [0][-]{section*.3}{Personal Profile}{}% 2
\BOOKMARK [0][-]{section*.5}{Computing Professional Experience}{}% 3
\BOOKMARK [0][-]{section*.7}{Education Background}{}% 4
\BOOKMARK [0][-]{section*.9}{Teaching Experience}{}% 5
\BOOKMARK [0][-]{section*.11}{Mentoring/Supervising/Marking/Reviewing Experience}{}% 6
\BOOKMARK [0][-]{section*.13}{Projects}{}% 7
\BOOKMARK [0][-]{section*.15}{Industrial Collaborations}{}% 8
\BOOKMARK [0][-]{section*.17}{Present and Past Research Interests}{}% 9
\BOOKMARK [0][-]{section*.19}{Schools}{}% 10
\BOOKMARK [0][-]{section*.21}{Language Competence}{}% 11
\BOOKMARK [0][-]{section*.23}{Professional Training}{}% 12
\BOOKMARK [0][-]{section*.25}{Computing Knowledge}{}% 13
\BOOKMARK [0][-]{section*.27}{Business Plan Competitions}{}% 14
\BOOKMARK [0][-]{section*.29}{Most Cited Papers \(11/9/2014\)}{}% 15
\BOOKMARK [0][-]{section*.31}{Best Papers \(according to ERA ranking\)}{}% 16
\BOOKMARK [0][-]{section*.33}{Google Scholar Esteem Factors \(11/9/2014\)}{}% 17
\BOOKMARK [0][-]{section*.35}{Journal Papers}{}% 18
\BOOKMARK [0][-]{section*.37}{Book Chapters}{}% 19
\BOOKMARK [0][-]{section*.39}{Conferences and Workshops}{}% 20
\BOOKMARK [0][-]{section*.41}{Other Relevant Works}{}% 21
\BOOKMARK [0][-]{section*.43}{Invited Talks}{}% 22
\BOOKMARK [0][-]{section*.45}{Conference and Workshop Activities}{}% 23
\BOOKMARK [0][-]{section*.47}{Editorial Boards}{}% 24
\BOOKMARK [0][-]{section*.49}{Guest Editor}{}% 25
\BOOKMARK [0][-]{section*.51}{Other Activities}{}% 26
\BOOKMARK [0][-]{section*.53}{Honors \046 Awards}{}% 27
\BOOKMARK [0][-]{section*.55}{Volunteering}{}% 28
\BOOKMARK [0][-]{section*.57}{Literary Publications \(in Italian\)}{}% 29
\BOOKMARK [0][-]{section*.59}{Other Working Experience}{}% 30
\BOOKMARK [0][-]{section*.61}{Hobbies}{}% 31
